<?xml version="1.0" encoding="UTF-8"?>
<robot generator="Robot 3.2.2 (Python 3.8.6 on win32)" generated="20201103 19:57:48.251" rpa="false">
<suite id="s1" name="Amazon" source="C:\development\first script\tests\Amazon.robot">
<test id="s1-t1" name="User must sign in to check out">
<kw name="Open Browser" library="SeleniumLibrary">
<doc>Opens a new browser instance to the optional ``url``.</doc>
<arguments>
<arg>https://sportico-qa.softtek.store/customer/account/login/referer/aHR0cHM6Ly9zcG9ydGljby1xYS5zb2Z0dGVrLnN0b3JlLw%2C%2C/</arg>
<arg>chrome</arg>
</arguments>
<msg timestamp="20201103 19:57:48.437" level="INFO">Opening browser 'chrome' to base url 'https://sportico-qa.softtek.store/customer/account/login/referer/aHR0cHM6Ly9zcG9ydGljby1xYS5zb2Z0dGVrLnN0b3JlLw%2C%2C/'.</msg>
<status status="PASS" starttime="20201103 19:57:48.437" endtime="20201103 19:57:55.055"></status>
</kw>
<kw name="Wait Until Page Contains" library="SeleniumLibrary">
<doc>Waits until ``text`` appears on the current page.</doc>
<arguments>
<arg>SPORTICO</arg>
</arguments>
<status status="PASS" starttime="20201103 19:57:55.056" endtime="20201103 19:57:55.078"></status>
</kw>
<kw name="Input Text" library="SeleniumLibrary">
<doc>Types the given ``text`` into the text field identified by ``locator``.</doc>
<arguments>
<arg>xpath=//input[@name="login[username]"]</arg>
<arg>ana.chessani@softtek.com</arg>
</arguments>
<msg timestamp="20201103 19:57:55.079" level="INFO">Typing text 'ana.chessani@softtek.com' into text field 'xpath=//input[@name="login[username]"]'.</msg>
<status status="PASS" starttime="20201103 19:57:55.079" endtime="20201103 19:57:55.172"></status>
</kw>
<kw name="Input Text" library="SeleniumLibrary">
<doc>Types the given ``text`` into the text field identified by ``locator``.</doc>
<arguments>
<arg>xpath=//input[@name="login[password]"]</arg>
<arg>Anita-9522</arg>
</arguments>
<msg timestamp="20201103 19:57:55.173" level="INFO">Typing text 'Anita-9522' into text field 'xpath=//input[@name="login[password]"]'.</msg>
<status status="PASS" starttime="20201103 19:57:55.173" endtime="20201103 19:57:55.264"></status>
</kw>
<kw name="Click Element" library="SeleniumLibrary">
<doc>Click the element identified by ``locator``.</doc>
<arguments>
<arg>xpath=//button[@class="action login primary"]</arg>
</arguments>
<msg timestamp="20201103 19:57:55.265" level="INFO">Clicking element 'xpath=//button[@class="action login primary"]'.</msg>
<status status="PASS" starttime="20201103 19:57:55.265" endtime="20201103 19:58:04.330"></status>
</kw>
<kw name="Sleep" library="BuiltIn">
<doc>Pauses the test executed for the given time.</doc>
<arguments>
<arg>3s</arg>
</arguments>
<msg timestamp="20201103 19:58:07.331" level="INFO">Slept 3 seconds</msg>
<status status="PASS" starttime="20201103 19:58:04.331" endtime="20201103 19:58:07.331"></status>
</kw>
<doc>This is some basic info about the test</doc>
<tags>
<tag>Smoke</tag>
</tags>
<status status="PASS" starttime="20201103 19:57:48.436" endtime="20201103 19:58:07.332" critical="yes"></status>
</test>
<test id="s1-t2" name="Crear compra con tarjeta">
<kw name="Click Element" library="SeleniumLibrary">
<doc>Click the element identified by ``locator``.</doc>
<arguments>
<arg>xpath=//a[@id="ui-id-4"]</arg>
</arguments>
<msg timestamp="20201103 19:58:07.334" level="INFO">Clicking element 'xpath=//a[@id="ui-id-4"]'.</msg>
<status status="PASS" starttime="20201103 19:58:07.334" endtime="20201103 19:58:11.089"></status>
</kw>
<kw name="Click Button" library="SeleniumLibrary">
<doc>Clicks the button identified by ``locator``.</doc>
<arguments>
<arg>xpath=//img[@alt="UNDER ARMOUR UA W CHARGED AURORA"]</arg>
</arguments>
<msg timestamp="20201103 19:58:11.089" level="INFO">Clicking button 'xpath=//img[@alt="UNDER ARMOUR UA W CHARGED AURORA"]'.</msg>
<kw name="Capture Page Screenshot" library="SeleniumLibrary">
<doc>Takes a screenshot of the current page and embeds it into a log file.</doc>
<msg timestamp="20201103 19:58:11.611" level="INFO" html="yes">&lt;/td&gt;&lt;/tr&gt;&lt;tr&gt;&lt;td colspan="3"&gt;&lt;a href="selenium-screenshot-1.png"&gt;&lt;img src="selenium-screenshot-1.png" width="800px"&gt;&lt;/a&gt;</msg>
<status status="PASS" starttime="20201103 19:58:11.279" endtime="20201103 19:58:11.611"></status>
</kw>
<msg timestamp="20201103 19:58:11.618" level="FAIL">Button with locator 'xpath=//img[@alt="UNDER ARMOUR UA W CHARGED AURORA"]' not found.</msg>
<status status="FAIL" starttime="20201103 19:58:11.089" endtime="20201103 19:58:11.618"></status>
</kw>
<status status="FAIL" starttime="20201103 19:58:07.333" endtime="20201103 19:58:11.618" critical="yes">Button with locator 'xpath=//img[@alt="UNDER ARMOUR UA W CHARGED AURORA"]' not found.</status>
</test>
<doc>This is some basic info about the whole suite</doc>
<status status="FAIL" starttime="20201103 19:57:48.253" endtime="20201103 19:58:11.621"></status>
</suite>
<statistics>
<total>
<stat pass="1" fail="1">Critical Tests</stat>
<stat pass="1" fail="1">All Tests</stat>
</total>
<tag>
<stat pass="1" fail="0">Smoke</stat>
</tag>
<suite>
<stat pass="1" fail="1" id="s1" name="Amazon">Amazon</stat>
</suite>
</statistics>
<errors>
</errors>
</robot>
